<?xml version="1.0" encoding="UTF-8"?>
<testsuite name="com.example.todoapp.DemoApplicationTests" tests="1" skipped="0" failures="0" errors="0" timestamp="2023-09-14T05:56:34" hostname="sasaoka-mac.local" time="0.709">
  <properties/>
  <testcase name="contextLoads()" classname="com.example.todoapp.DemoApplicationTests" time="0.709"/>
  <system-out><![CDATA[14:56:29.129 [Test worker] INFO org.springframework.test.context.support.AnnotationConfigContextLoaderUtils -- Could not detect default configuration classes for test class [com.example.todoapp.DemoApplicationTests]: DemoApplicationTests does not declare any static, non-private, non-final, nested classes annotated with @Configuration.
14:56:29.269 [Test worker] INFO org.springframework.boot.test.context.SpringBootTestContextBootstrapper -- Found @SpringBootConfiguration com.example.todoapp.DemoApplication for test class com.example.todoapp.DemoApplicationTests

  .   ____          _            __ _ _
 /\\ / ___'_ __ _ _(_)_ __  __ _ \ \ \ \
( ( )\___ | '_ | '_| | '_ \/ _` | \ \ \ \
 \\/  ___)| |_)| | | | | || (_| |  ) ) ) )
  '  |____| .__|_| |_|_| |_\__, | / / / /
 =========|_|==============|___/=/_/_/_/
 :: Spring Boot ::                (v3.1.3)

2023-09-14T14:56:29.777+09:00  INFO 48450 --- [    Test worker] c.example.todoapp.DemoApplicationTests   : Starting DemoApplicationTests using Java 17.0.7 with PID 48450 (started by sasaokaseiya in /Users/sasaokaseiya/prog/spring-todoapp)
2023-09-14T14:56:29.780+09:00  INFO 48450 --- [    Test worker] c.example.todoapp.DemoApplicationTests   : No active profile set, falling back to 1 default profile: "default"
2023-09-14T14:56:30.508+09:00  INFO 48450 --- [    Test worker] .s.d.r.c.RepositoryConfigurationDelegate : Bootstrapping Spring Data JPA repositories in DEFAULT mode.
2023-09-14T14:56:30.573+09:00  INFO 48450 --- [    Test worker] .s.d.r.c.RepositoryConfigurationDelegate : Finished Spring Data repository scanning in 53 ms. Found 1 JPA repository interfaces.
2023-09-14T14:56:31.127+09:00  INFO 48450 --- [    Test worker] com.zaxxer.hikari.HikariDataSource       : HikariPool-1 - Starting...
2023-09-14T14:56:31.350+09:00  INFO 48450 --- [    Test worker] com.zaxxer.hikari.pool.HikariPool        : HikariPool-1 - Added connection com.mysql.cj.jdbc.ConnectionImpl@2443135
2023-09-14T14:56:31.355+09:00  INFO 48450 --- [    Test worker] com.zaxxer.hikari.HikariDataSource       : HikariPool-1 - Start completed.
2023-09-14T14:56:31.405+09:00  INFO 48450 --- [    Test worker] o.hibernate.jpa.internal.util.LogHelper  : HHH000204: Processing PersistenceUnitInfo [name: default]
2023-09-14T14:56:31.474+09:00  INFO 48450 --- [    Test worker] org.hibernate.Version                    : HHH000412: Hibernate ORM core version 6.2.7.Final
2023-09-14T14:56:31.477+09:00  INFO 48450 --- [    Test worker] org.hibernate.cfg.Environment            : HHH000406: Using bytecode reflection optimizer
2023-09-14T14:56:31.680+09:00  INFO 48450 --- [    Test worker] o.h.b.i.BytecodeProviderInitiator        : HHH000021: Bytecode provider name : bytebuddy
2023-09-14T14:56:31.848+09:00  INFO 48450 --- [    Test worker] o.s.o.j.p.SpringPersistenceUnitInfo      : No LoadTimeWeaver setup: ignoring JPA class transformer
2023-09-14T14:56:31.939+09:00  WARN 48450 --- [    Test worker] org.hibernate.dialect.Dialect            : HHH000511: The 5.5.0 version for [org.hibernate.dialect.MySQLDialect] is no longer supported, hence certain features may not work properly. The minimum supported version is 5.7.0. Check the community dialects project for available legacy versions.
2023-09-14T14:56:31.974+09:00 DEBUG 48450 --- [    Test worker] o.h.t.d.sql.spi.DdlTypeRegistry          : addDescriptor(12, org.hibernate.type.descriptor.sql.internal.CapacityDependentDdlType@d3cce46) replaced previous registration(org.hibernate.type.descriptor.sql.internal.CapacityDependentDdlType@30eedaa4)
2023-09-14T14:56:31.975+09:00 DEBUG 48450 --- [    Test worker] o.h.t.d.sql.spi.DdlTypeRegistry          : addDescriptor(-9, org.hibernate.type.descriptor.sql.internal.CapacityDependentDdlType@52b30054) replaced previous registration(org.hibernate.type.descriptor.sql.internal.CapacityDependentDdlType@7f6b57f2)
2023-09-14T14:56:31.975+09:00 DEBUG 48450 --- [    Test worker] o.h.t.d.sql.spi.DdlTypeRegistry          : addDescriptor(-3, org.hibernate.type.descriptor.sql.internal.CapacityDependentDdlType@144ee8a7) replaced previous registration(org.hibernate.type.descriptor.sql.internal.CapacityDependentDdlType@52b32b70)
2023-09-14T14:56:31.975+09:00 DEBUG 48450 --- [    Test worker] o.h.t.d.sql.spi.DdlTypeRegistry          : addDescriptor(4003, org.hibernate.type.descriptor.sql.internal.DdlTypeImpl@18c820d2) replaced previous registration(org.hibernate.type.descriptor.sql.internal.DdlTypeImpl@3d3930fe)
2023-09-14T14:56:31.976+09:00 DEBUG 48450 --- [    Test worker] o.h.t.d.sql.spi.DdlTypeRegistry          : addDescriptor(4001, org.hibernate.type.descriptor.sql.internal.DdlTypeImpl@5e51ec2e) replaced previous registration(org.hibernate.type.descriptor.sql.internal.DdlTypeImpl@15f2a43f)
2023-09-14T14:56:31.976+09:00 DEBUG 48450 --- [    Test worker] o.h.t.d.sql.spi.DdlTypeRegistry          : addDescriptor(4002, org.hibernate.type.descriptor.sql.internal.DdlTypeImpl@4c65d8e3) replaced previous registration(org.hibernate.type.descriptor.sql.internal.DdlTypeImpl@382faf51)
2023-09-14T14:56:31.977+09:00 DEBUG 48450 --- [    Test worker] o.h.t.d.sql.spi.DdlTypeRegistry          : addDescriptor(2004, org.hibernate.type.descriptor.sql.internal.CapacityDependentDdlType@69ce14e6) replaced previous registration(org.hibernate.type.descriptor.sql.internal.DdlTypeImpl@699d96bc)
2023-09-14T14:56:31.977+09:00 DEBUG 48450 --- [    Test worker] o.h.t.d.sql.spi.DdlTypeRegistry          : addDescriptor(2005, org.hibernate.type.descriptor.sql.internal.CapacityDependentDdlType@b5de9ac) replaced previous registration(org.hibernate.type.descriptor.sql.internal.DdlTypeImpl@4ecd8ab1)
2023-09-14T14:56:31.977+09:00 DEBUG 48450 --- [    Test worker] o.h.t.d.sql.spi.DdlTypeRegistry          : addDescriptor(2011, org.hibernate.type.descriptor.sql.internal.CapacityDependentDdlType@57bdceaa) replaced previous registration(org.hibernate.type.descriptor.sql.internal.DdlTypeImpl@52909a97)
2023-09-14T14:56:32.189+09:00  INFO 48450 --- [    Test worker] o.h.b.i.BytecodeProviderInitiator        : HHH000021: Bytecode provider name : bytebuddy
2023-09-14T14:56:33.144+09:00  INFO 48450 --- [    Test worker] o.h.e.t.j.p.i.JtaPlatformInitiator       : HHH000490: Using JtaPlatform implementation: [org.hibernate.engine.transaction.jta.platform.internal.NoJtaPlatform]
2023-09-14T14:56:33.149+09:00  INFO 48450 --- [    Test worker] j.LocalContainerEntityManagerFactoryBean : Initialized JPA EntityManagerFactory for persistence unit 'default'
2023-09-14T14:56:33.737+09:00  WARN 48450 --- [    Test worker] JpaBaseConfiguration$JpaWebConfiguration : spring.jpa.open-in-view is enabled by default. Therefore, database queries may be performed during view rendering. Explicitly configure spring.jpa.open-in-view to disable this warning
2023-09-14T14:56:34.007+09:00  INFO 48450 --- [    Test worker] o.s.b.a.w.s.WelcomePageHandlerMapping    : Adding welcome page template: index
2023-09-14T14:56:34.306+09:00  WARN 48450 --- [    Test worker] .s.s.UserDetailsServiceAutoConfiguration : 

Using generated security password: cbd204df-c503-4969-a35f-10f88b9cc3b6

This generated password is for development use only. Your security configuration must be updated before running your application in production.

2023-09-14T14:56:34.516+09:00  INFO 48450 --- [    Test worker] o.s.s.web.DefaultSecurityFilterChain     : Will secure any request with [org.springframework.security.web.session.DisableEncodeUrlFilter@36570936, org.springframework.security.web.context.request.async.WebAsyncManagerIntegrationFilter@775fec4, org.springframework.security.web.context.SecurityContextHolderFilter@2dbc66f0, org.springframework.security.web.header.HeaderWriterFilter@11a29c0, org.springframework.security.web.csrf.CsrfFilter@30d944d8, org.springframework.security.web.authentication.logout.LogoutFilter@27ea552d, org.springframework.security.web.authentication.UsernamePasswordAuthenticationFilter@2f09907, org.springframework.security.web.authentication.ui.DefaultLoginPageGeneratingFilter@6ae5e1cf, org.springframework.security.web.authentication.ui.DefaultLogoutPageGeneratingFilter@c7d173f, org.springframework.security.web.authentication.www.BasicAuthenticationFilter@188532da, org.springframework.security.web.savedrequest.RequestCacheAwareFilter@47800bd7, org.springframework.security.web.servletapi.SecurityContextHolderAwareRequestFilter@787b7796, org.springframework.security.web.authentication.AnonymousAuthenticationFilter@12f12744, org.springframework.security.web.access.ExceptionTranslationFilter@13f17b8f, org.springframework.security.web.access.intercept.AuthorizationFilter@2f97e3de]
2023-09-14T14:56:34.594+09:00  INFO 48450 --- [    Test worker] c.example.todoapp.DemoApplicationTests   : Started DemoApplicationTests in 5.131 seconds (process running for 6.876)
]]></system-out>
  <system-err><![CDATA[]]></system-err>
</testsuite>
